<?xml version="1.0" encoding="UTF-8"?>
<!-- Generated by org.testng.reporters.JUnitReportReporter -->
<testsuite hostname="LIN66003201" name="TestRunner" tests="3" failures="0" timestamp="27 Jun 2018 20:11:06 GMT" time="0.381" errors="0">
  <testcase name="feature" time="0.004" classname="TestRunner"/>
  <testcase name="feature" time="0.357" classname="TestRunner"/>
  <testcase name="feature" time="0.020" classname="TestRunner"/>
</testsuite> <!-- TestRunner -->
